[2021-12-09 15:40:42] Test for logUtils
[2021-12-09 17:50:09] 111111 loginfailed
[2021-12-09 17:50:16] 111111 login as customer
[2021-12-09 18:04:09] 111111 login as customer
[2021-12-09 18:35:23] 111111 login as customer
[2021-12-09 19:09:29] 111111 loginfailed
[2021-12-09 19:09:33] 1111111 loginfailed
[2021-12-09 19:09:37] 1111111 login as administrator
[2021-12-09 19:10:24] 123test register failed
[2021-12-09 19:10:31] 123test register failed
[2021-12-09 19:10:44] 222122 register failed
[2021-12-09 19:11:38] 1234561 register as customer
[2021-12-10 00:59:12] 111111 login as customer
[2021-12-10 00:59:18] Get TimeTables Successful
[2021-12-10 01:00:27] 111111 login as customer
[2021-12-10 01:00:30] Get TimeTables Successful
[2021-12-10 01:01:15] 111111 login as customer
[2021-12-10 01:01:18] Get TimeTables Successful
[2021-12-10 01:02:11] 111111 login as customer
[2021-12-10 01:02:14] Get TimeTables Successful
[2021-12-10 01:02:40] 111111 login as customer
[2021-12-10 16:39:52] 111111 login as customer
[2021-12-10 16:40:17] testxjf register as customer
[2021-12-10 16:40:28] testxjf loginfailed
[2021-12-10 16:40:32] testxjf login as customer
[2021-12-10 16:40:50] testxjf change password successfully
[2021-12-10 16:40:58] testxjf login as customer
[2021-12-10 16:41:01] Get TimeTables Successful
[2021-12-10 16:41:25] testxjf login as customer
[2021-12-10 16:44:55] testxjf login as customer
[2021-12-10 16:44:58] Get TimeTables Successful
[2021-12-10 16:44:58] Get Film Successful
[2021-12-10 16:44:58] Get Film Successful
[2021-12-10 16:44:58] Get Film Successful
[2021-12-10 16:45:02] Get TimeTables Successful
[2021-12-10 16:45:02] Get Film Successful
[2021-12-10 16:45:02] Get Film Successful
[2021-12-10 16:45:02] Get Film Successful
[2021-12-10 16:45:08] Get Bills Successful
[2021-12-10 16:45:11] Get Bills Successful
[2021-12-10 16:45:26] testxjf login as customer
[2021-12-10 16:45:29] Get TimeTables Successful
[2021-12-10 16:45:29] Get Film Successful
[2021-12-10 16:45:29] Get Film Successful
[2021-12-10 16:45:29] Get Film Successful
[2021-12-10 16:45:48] testxjf login as customer
[2021-12-10 16:45:50] Get TimeTables Successful
[2021-12-10 16:45:50] Get Film Successful
[2021-12-10 16:45:50] Get Film Successful
[2021-12-10 16:45:50] Get Film Successful
[2021-12-10 16:46:07] Get TimeTables Successful
[2021-12-10 16:46:07] Get Film Successful
[2021-12-10 16:46:07] Get Film Successful
[2021-12-10 16:46:08] Get Film Successful
[2021-12-10 16:46:11] Get Films Successful
[2021-12-10 16:46:14] Remove Bill Failed
[2021-12-10 16:46:14] Get Films Successful
[2021-12-10 16:46:32] Get Bills Successful
[2021-12-10 16:46:34] Get Films Successful
[2021-12-10 16:46:36] Remove Bill Failed
[2021-12-10 16:46:36] Get Films Successful
[2021-12-10 16:46:51] Get Bills Successful
[2021-12-10 16:47:01]  loginfailed
[2021-12-10 16:55:39] testxjf login as customer
[2021-12-10 16:55:44] Get TimeTables Successful
[2021-12-10 16:55:44] Get Film Successful
[2021-12-10 16:55:44] Get Film Successful
[2021-12-10 16:55:44] Get Film Successful
[2021-12-10 16:55:47] Get Films Successful
[2021-12-10 16:55:49] Get TimeTables Successful
[2021-12-10 16:55:49] Get Film Successful
[2021-12-10 16:55:49] Get Film Successful
[2021-12-10 16:55:49] Get Film Successful
[2021-12-10 16:55:50] Get Bills Successful
[2021-12-10 21:00:00] testxjf login as customer
[2021-12-10 21:05:46] 111111 login as customer
[2021-12-10 21:08:01] 1111111 login as administrator
[2021-12-10 21:23:42] 111111 login as customer
[2021-12-10 21:23:47] Get TimeTables Successful
[2021-12-10 21:23:47] Get Film Successful
[2021-12-10 21:23:47] Get Film Successful
[2021-12-10 21:23:47] Get Film Successful
[2021-12-10 21:23:49] Get Bills By CustomerId Successful
[2021-12-10 21:23:50] Get TimeTables Successful
[2021-12-10 21:23:50] Get Film Successful
[2021-12-10 21:23:50] Get Film Successful
[2021-12-10 21:23:50] Get Film Successful
[2021-12-10 21:24:01] 1111111 login as administrator
[2021-12-10 21:24:03] Get TimeTables Successful
[2021-12-10 21:24:04] Get Film Successful
[2021-12-10 21:24:04] Get Film Successful
[2021-12-10 21:24:04] Get Film Successful
[2021-12-10 21:24:06] Get Films Successful
[2021-12-10 21:24:09] Get Bills Successful
[2021-12-10 21:24:13] Get Bills Successful
[2021-12-10 21:24:22] Get Bills Successful
[2021-12-10 21:24:29] Get Bills Successful
[2021-12-10 21:24:42] Cancel Bill Successful
[2021-12-10 21:24:46] Get Bills Successful
[2021-12-10 21:39:48] 1111111 login as administrator
[2021-12-10 21:39:52] Get Bills Successful
[2021-12-10 21:39:57] Get Bills Successful
[2021-12-10 21:40:08] 111111 login as customer
[2021-12-10 21:40:11] Get Bills By CustomerId Successful
[2021-12-10 23:38:52] 1111111 login as administrator
[2021-12-10 23:38:57] Get Films Successful
[2021-12-10 23:39:00] Get Film Successful
[2021-12-10 23:40:39] 1111111 login as administrator
[2021-12-10 23:40:43] Get Films Successful
[2021-12-10 23:40:45] Get Film Successful
[2021-12-10 23:41:32] 1111111 login as administrator
[2021-12-10 23:41:34] Get Films Successful
[2021-12-10 23:41:35] Get Film Successful
[2021-12-10 23:42:44] 1111111 login as administrator
[2021-12-10 23:42:46] Get Films Successful
[2021-12-10 23:42:47] Get Film Successful
[2021-12-10 23:44:31] 1111111 login as administrator
[2021-12-10 23:44:33] Get Films Successful
[2021-12-10 23:44:33] Get Film Successful
[2021-12-10 23:45:39] 1111111 login as administrator
[2021-12-10 23:45:40] Get Films Successful
[2021-12-10 23:45:42] Get Film Successful
[2021-12-10 23:46:22] 1111111 login as administrator
[2021-12-10 23:46:23] Get Films Successful
[2021-12-10 23:46:26] Get Film Successful
[2021-12-10 23:47:46] 1111111 login as administrator
[2021-12-10 23:47:47] Get Films Successful
[2021-12-10 23:47:48] Get Film Successful
[2021-12-10 23:48:56] 1111111 login as administrator
[2021-12-10 23:48:58] Get Films Successful
[2021-12-10 23:49:02] Get Film Successful
[2021-12-10 23:51:30] 1111111 login as administrator
[2021-12-10 23:51:33] Get Films Successful
[2021-12-10 23:51:38] Get Film Successful
[2021-12-10 23:52:52] 1111111 login as administrator
[2021-12-10 23:52:54] Get Films Successful
[2021-12-10 23:52:56] Get Film Successful
[2021-12-10 23:52:58] Get Film Successful
[2021-12-10 23:52:59] Get Film Successful
[2021-12-10 23:53:52] 1111111 login as administrator
[2021-12-10 23:53:54] Get Films Successful
[2021-12-10 23:53:54] Get Film Successful
[2021-12-10 23:54:41] 1111111 login as administrator
[2021-12-10 23:54:43] Get Films Successful
[2021-12-10 23:54:45] Get Film Successful
[2021-12-10 23:55:13] 1111111 login as administrator
[2021-12-10 23:55:15] Get Films Successful
[2021-12-10 23:55:17] Remove Bill Successful
[2021-12-10 23:55:17] Get Films Successful
[2021-12-10 23:55:19] Get Film Successful
[2021-12-10 23:55:27] Get Films Successful
[2021-12-10 23:55:27] Get Film Successful
[2021-12-10 23:55:28] Get Films Successful
[2021-12-10 23:55:29] Get Film Successful
[2021-12-10 23:55:30] Get Films Successful
[2021-12-10 23:55:31] Get Film Successful
[2021-12-10 23:55:33] Get Films Successful
[2021-12-10 23:57:01] 1111111 login as administrator
[2021-12-10 23:57:03] Get Films Successful
[2021-12-10 23:57:05] Get Film Successful
[2021-12-11 00:02:47] 1111111 login as administrator
[2021-12-11 00:03:00] Get TimeTables Successful
[2021-12-11 00:03:00] Get Film Successful
[2021-12-11 00:03:00] Get Film Successful
[2021-12-11 00:03:00] Get Film Successful
[2021-12-11 00:10:58] 1111111 login as administrator
[2021-12-11 00:11:00] Get Films Successful
[2021-12-11 00:11:04] Get TimeTables Successful
[2021-12-11 00:11:04] Get Film Successful
[2021-12-11 00:11:04] Get Film Successful
[2021-12-11 00:11:04] Get Film Successful
[2021-12-11 00:11:06] Delete Timetable Failed
[2021-12-11 00:11:06] Get TimeTables Successful
[2021-12-11 00:11:06] Get Film Successful
[2021-12-11 00:11:06] Get Film Successful
[2021-12-11 00:11:06] Get Film Successful
[2021-12-11 00:11:10] Delete Timetable Failed
[2021-12-11 00:11:10] Get TimeTables Successful
[2021-12-11 00:11:10] Get Film Successful
[2021-12-11 00:11:10] Get Film Successful
[2021-12-11 00:11:10] Get Film Successful
[2021-12-11 00:11:13] Get TimeTables Successful
[2021-12-11 00:11:13] Get Film Successful
[2021-12-11 00:11:13] Get Film Successful
[2021-12-11 00:11:13] Get Film Successful
[2021-12-11 00:11:15] Delete Timetable Failed
[2021-12-11 00:11:15] Get TimeTables Successful
[2021-12-11 00:11:16] Get Film Successful
[2021-12-11 00:11:16] Get Film Successful
[2021-12-11 00:11:16] Get Film Successful
[2021-12-11 00:14:40] 1111111 login as administrator
[2021-12-11 00:14:43] Get TimeTables Successful
[2021-12-11 00:14:43] Get Film Successful
[2021-12-11 00:14:43] Get Film Successful
[2021-12-11 00:14:43] Get Film Successful
[2021-12-11 00:14:45] Delete Timetable Failed
[2021-12-11 00:14:45] Get TimeTables Successful
[2021-12-11 00:14:45] Get Film Successful
[2021-12-11 00:14:45] Get Film Successful
[2021-12-11 00:14:45] Get Film Successful
[2021-12-11 00:14:49] Get TimeTables Successful
[2021-12-11 00:14:49] Get Film Successful
[2021-12-11 00:14:49] Get Film Successful
[2021-12-11 00:14:49] Get Film Successful
[2021-12-11 00:15:28] 1111111 login as administrator
[2021-12-11 00:15:31] Get TimeTables Successful
[2021-12-11 00:15:31] Get Film Successful
[2021-12-11 00:15:31] Get Film Successful
[2021-12-11 00:15:31] Get Film Successful
[2021-12-11 00:15:32] Delete Timetable Failed
[2021-12-11 00:15:32] Get TimeTables Successful
[2021-12-11 00:15:32] Get Film Successful
[2021-12-11 00:15:32] Get Film Successful
[2021-12-11 00:15:32] Get Film Successful
[2021-12-11 00:16:25] 1111111 login as administrator
[2021-12-11 00:16:40] Get TimeTables Successful
[2021-12-11 00:16:40] Get Film Successful
[2021-12-11 00:16:40] Get Film Successful
[2021-12-11 00:16:40] Get Film Successful
[2021-12-11 00:16:42] Delete Timetable Failed
[2021-12-11 00:16:42] Get TimeTables Successful
[2021-12-11 00:16:42] Get Film Successful
[2021-12-11 00:16:42] Get Film Successful
[2021-12-11 00:16:42] Get Film Successful
[2021-12-11 00:17:10] 1111111 login as administrator
[2021-12-11 00:17:13] Get TimeTables Successful
[2021-12-11 00:17:13] Get Film Successful
[2021-12-11 00:17:13] Get Film Successful
[2021-12-11 00:17:13] Get Film Successful
[2021-12-11 00:17:14] Delete Timetable Failed
[2021-12-11 00:17:14] Get TimeTables Successful
[2021-12-11 00:17:15] Get Film Successful
[2021-12-11 00:17:15] Get Film Successful
[2021-12-11 00:17:15] Get Film Successful
[2021-12-11 00:33:06] 1111111 login as administrator
[2021-12-11 00:33:08] Get TimeTables Successful
[2021-12-11 00:33:08] Get Film Successful
[2021-12-11 00:33:08] Get Film Successful
[2021-12-11 00:33:08] Get Film Successful
[2021-12-11 00:33:10] Delete Timetable Successful
[2021-12-11 00:33:10] Get TimeTables Successful
[2021-12-11 00:33:10] Get Film Successful
[2021-12-11 00:33:10] Get Film Successful
[2021-12-11 02:01:07] 1111111 login as administrator
[2021-12-11 02:01:11] Get TimeTables Successful
[2021-12-11 02:01:11] Get Film Successful
[2021-12-11 02:01:11] Get Film Successful
[2021-12-11 02:01:11] Get Film Successful
[2021-12-11 02:01:11] Get Film Successful
[2021-12-11 02:01:48] 111111 login as customer
[2021-12-11 02:01:52] Get TimeTables Successful
[2021-12-11 02:01:52] Get Film Successful
[2021-12-11 02:01:52] Get Film Successful
[2021-12-11 02:01:52] Get Film Successful
[2021-12-11 02:01:52] Get Film Successful
[2021-12-11 02:01:56] Get Film Successful
[2021-12-11 02:01:57] Get TimeTables Successful
[2021-12-11 02:01:57] Get Film Successful
[2021-12-11 02:01:57] Get Film Successful
[2021-12-11 02:01:57] Get Film Successful
[2021-12-11 02:01:57] Get Film Successful
[2021-12-11 02:02:02] Get Bills By CustomerId Successful
[2021-12-11 02:02:10] 1111111 login as administrator
[2021-12-11 02:02:14] Get TimeTables Successful
[2021-12-11 02:02:14] Get Film Successful
[2021-12-11 02:02:14] Get Film Successful
[2021-12-11 02:02:14] Get Film Successful
[2021-12-11 02:02:14] Get Film Successful
[2021-12-11 02:02:17] Get Films Successful
[2021-12-11 02:02:28] Add TimeTable Successful
[2021-12-11 02:02:56] Get TimeTables Successful
[2021-12-11 02:02:56] Get Film Successful
[2021-12-11 02:02:56] Get Film Successful
[2021-12-11 02:02:57] Get Film Successful
[2021-12-11 02:02:57] Get Film Successful
[2021-12-11 02:03:04] Get Films Successful
[2021-12-11 02:03:11] Add TimeTable Successful
[2021-12-11 02:03:16] Get TimeTables Successful
[2021-12-11 02:03:16] Get Film Successful
[2021-12-11 02:03:16] Get Film Successful
[2021-12-11 02:03:16] Get Film Successful
[2021-12-11 02:03:16] Get Film Successful
[2021-12-11 02:03:16] Get Film Successful
[2021-12-11 02:03:18] Get Films Successful
[2021-12-11 02:03:20] Get TimeTables Successful
[2021-12-11 02:03:20] Get Film Successful
[2021-12-11 02:03:20] Get Film Successful
[2021-12-11 02:03:20] Get Film Successful
[2021-12-11 02:03:20] Get Film Successful
[2021-12-11 02:03:20] Get Film Successful
[2021-12-11 02:03:24] Delete Timetable Successful
[2021-12-11 02:03:24] Get TimeTables Successful
[2021-12-11 02:03:24] Get Film Successful
[2021-12-11 02:03:24] Get Film Successful
[2021-12-11 02:03:25] Get Film Successful
[2021-12-11 02:03:25] Get Film Successful
[2021-12-11 02:03:27] Get Films Successful
[2021-12-11 02:03:31] Remove Bill Failed
[2021-12-11 02:03:31] Get Films Successful
[2021-12-11 02:03:33] Remove Bill Failed
[2021-12-11 02:03:33] Get Films Successful
[2021-12-11 02:03:44] Remove Bill Successful
[2021-12-11 02:03:44] Get Films Successful
[2021-12-11 02:03:48] Get Bills Successful
[2021-12-11 02:03:51] Get Bills Successful
[2021-12-11 02:05:21] 1111111 login as administrator
[2021-12-11 02:05:24] Get Films Successful
[2021-12-11 02:05:29] Get TimeTables Successful
[2021-12-11 02:05:29] Get Film Successful
[2021-12-11 02:05:29] Get Film Successful
[2021-12-11 02:05:29] Get Film Successful
[2021-12-11 02:05:29] Get Film Successful
[2021-12-11 02:05:30] Get Films Successful
[2021-12-11 02:05:40] Add TimeTable Successful
[2021-12-11 02:05:40] Get TimeTables Successful
[2021-12-11 02:05:40] Get Film Successful
[2021-12-11 02:05:40] Get Film Successful
[2021-12-11 02:05:40] Get Film Successful
[2021-12-11 02:05:40] Get Film Successful
[2021-12-11 02:05:40] Get Film Successful
[2021-12-11 02:06:57] 1111111 login as administrator
[2021-12-11 02:06:58] Get TimeTables Successful
[2021-12-11 02:06:59] Get Film Successful
[2021-12-11 02:06:59] Get Film Successful
[2021-12-11 02:06:59] Get Film Successful
[2021-12-11 02:06:59] Get Film Successful
[2021-12-11 02:06:59] Get Film Successful
[2021-12-11 02:06:59] Get Films Successful
[2021-12-11 02:07:13] Add TimeTable Successful
[2021-12-11 02:07:13] Get TimeTables Successful
[2021-12-11 02:07:13] Get Film Successful
[2021-12-11 02:07:13] Get Film Successful
[2021-12-11 02:07:13] Get Film Successful
[2021-12-11 02:07:13] Get Film Successful
[2021-12-11 02:07:13] Get Film Successful
[2021-12-11 02:07:13] Get Film Successful
[2021-12-11 02:08:33] 1111111 login as administrator
[2021-12-11 02:08:36] Get Films Successful
[2021-12-11 02:08:49] Get TimeTables Successful
[2021-12-11 02:08:49] Get Film Successful
[2021-12-11 02:08:49] Get Film Successful
[2021-12-11 02:08:49] Get Film Successful
[2021-12-11 02:08:49] Get Film Successful
[2021-12-11 02:08:49] Get Film Successful
[2021-12-11 02:08:49] Get Film Successful
[2021-12-11 02:08:50] Get Films Successful
[2021-12-11 02:09:10] Add TimeTable Successful
[2021-12-11 02:09:10] Get TimeTables Successful
[2021-12-11 02:09:10] Get Film Successful
[2021-12-11 02:09:10] Get Film Successful
[2021-12-11 02:09:10] Get Film Successful
[2021-12-11 02:09:10] Get Film Successful
[2021-12-11 02:09:10] Get Film Successful
[2021-12-11 02:09:10] Get Film Successful
[2021-12-11 02:09:10] Get Film Successful
[2021-12-11 02:12:50] 1111111 login as administrator
[2021-12-11 02:12:54] Get Films Successful
[2021-12-11 02:13:01] Get TimeTables Successful
[2021-12-11 02:13:01] Get Film Successful
[2021-12-11 02:13:01] Get Film Successful
[2021-12-11 02:13:01] Get Film Successful
[2021-12-11 02:13:01] Get Film Successful
[2021-12-11 02:13:01] Get Film Successful
[2021-12-11 02:13:01] Get Film Successful
[2021-12-11 02:13:01] Get Film Successful
[2021-12-11 02:47:31] 1111111 login as administrator
[2021-12-11 02:47:34] Get TimeTables Successful
[2021-12-11 02:47:34] Get Film Successful
[2021-12-11 02:47:34] Get Film Successful
[2021-12-11 02:47:34] Get Film Successful
[2021-12-11 02:47:34] Get Film Successful
[2021-12-11 02:47:34] Get Film Successful
[2021-12-11 02:47:36] Delete Timetable Successful
[2021-12-11 02:47:36] Get TimeTables Successful
[2021-12-11 02:47:36] Get Film Successful
[2021-12-11 02:47:36] Get Film Successful
[2021-12-11 02:47:36] Get Film Successful
[2021-12-11 02:47:36] Get Film Successful
[2021-12-11 02:47:37] Get Films Successful
[2021-12-11 02:47:44] Add TimeTable Successful
[2021-12-11 02:47:44] Get TimeTables Successful
[2021-12-11 02:47:44] Get Film Successful
[2021-12-11 02:47:44] Get Film Successful
[2021-12-11 02:47:44] Get Film Successful
[2021-12-11 02:47:44] Get Film Successful
[2021-12-11 02:47:44] Get Film Successful
[2021-12-11 04:57:05] 333333 register as customer
[2021-12-11 04:59:18] 19372321 register failed
[2021-12-11 04:59:27] 19372321 register failed
[2021-12-11 05:01:11] 111111 login as customer
[2021-12-11 05:01:18] Get TimeTables Successful
[2021-12-11 05:01:18] Get Film Successful
[2021-12-11 05:01:18] Get Film Successful
[2021-12-11 05:01:18] Get Film Successful
[2021-12-11 05:01:18] Get Film Successful
[2021-12-11 05:01:18] Get Film Successful
[2021-12-11 05:01:23] Get Bills By CustomerId Successful
[2021-12-11 05:01:32] 1111111 login as administrator
[2021-12-11 05:01:37] Get TimeTables Successful
[2021-12-11 05:01:37] Get Film Successful
[2021-12-11 05:01:37] Get Film Successful
[2021-12-11 05:01:37] Get Film Successful
[2021-12-11 05:01:37] Get Film Successful
[2021-12-11 05:01:37] Get Film Successful
[2021-12-11 05:01:41] Get TimeTables Successful
[2021-12-11 05:01:41] Get Film Successful
[2021-12-11 05:01:41] Get Film Successful
[2021-12-11 05:01:41] Get Film Successful
[2021-12-11 05:01:41] Get Film Successful
[2021-12-11 05:01:41] Get Film Successful
[2021-12-11 05:01:43] Get Film Successful
[2021-12-11 05:01:44] Get TimeTables Successful
[2021-12-11 05:01:44] Get Film Successful
[2021-12-11 05:01:44] Get Film Successful
[2021-12-11 05:01:44] Get Film Successful
[2021-12-11 05:01:44] Get Film Successful
[2021-12-11 05:01:44] Get Film Successful
[2021-12-11 05:01:46] Get Films Successful
[2021-12-11 05:01:46] Get Film Successful
[2021-12-11 05:01:47] Get Films Successful
[2021-12-11 05:01:49] Get Bills Successful
[2021-12-11 05:01:53] Get Bills Successful
[2021-12-11 05:17:04] 1111111 login as administrator
[2021-12-11 05:17:08] Get Films Successful
[2021-12-11 05:17:10] Get Bills Successful
[2021-12-11 05:17:10] Get Bill By Id Successful
[2021-12-11 05:20:27] 111111 login as customer
[2021-12-11 05:20:29] Get TimeTables Successful
[2021-12-11 05:20:29] Get Film Successful
[2021-12-11 05:20:29] Get Film Successful
[2021-12-11 05:20:29] Get Film Successful
[2021-12-11 05:20:29] Get Film Successful
[2021-12-11 05:20:29] Get Film Successful
[2021-12-11 05:20:29] Get Screen Successful
[2021-12-11 05:20:29] Get Screen Successful
[2021-12-11 05:20:29] Get Screen Failed
[2021-12-11 05:20:31] Get Screen Successful
[2021-12-11 05:20:31] Get Screen Successful
[2021-12-11 05:20:31] Get Screen Failed
[2021-12-11 05:20:52] 111111 login as customer
[2021-12-11 05:20:54] Get TimeTables Successful
[2021-12-11 05:20:54] Get Film Successful
[2021-12-11 05:20:54] Get Film Successful
[2021-12-11 05:20:54] Get Film Successful
[2021-12-11 05:20:54] Get Film Successful
[2021-12-11 05:20:54] Get Film Successful
[2021-12-11 05:20:55] Get Screen Successful
[2021-12-11 05:20:55] Get Screen Successful
[2021-12-11 05:20:55] Get Screen Failed
[2021-12-11 05:20:56] Get Screen Successful
[2021-12-11 05:20:56] Get Screen Successful
[2021-12-11 05:20:56] Get Screen Failed
[2021-12-11 05:20:57] Get Screen Successful
[2021-12-11 05:20:57] Get Screen Successful
[2021-12-11 05:20:57] Get Screen Failed
[2021-12-11 05:21:22] 111111 login as customer
[2021-12-11 05:21:23] Get TimeTables Successful
[2021-12-11 05:21:23] Get Film Successful
[2021-12-11 05:21:23] Get Film Successful
[2021-12-11 05:21:23] Get Film Successful
[2021-12-11 05:21:23] Get Film Successful
[2021-12-11 05:21:23] Get Film Successful
[2021-12-11 05:21:24] Get Screen Successful
[2021-12-11 05:21:24] Get Screen Successful
[2021-12-11 05:21:24] Get Screen Failed
[2021-12-11 05:21:25] Get Screen Successful
[2021-12-11 05:21:25] Get Screen Successful
[2021-12-11 05:21:25] Get Screen Failed
[2021-12-11 05:21:32] Get Film Successful
[2021-12-11 05:21:33] Get TimeTables Successful
[2021-12-11 05:21:33] Get Film Successful
[2021-12-11 05:21:33] Get Film Successful
[2021-12-11 05:21:33] Get Film Successful
[2021-12-11 05:21:33] Get Film Successful
[2021-12-11 05:21:33] Get Film Successful
[2021-12-11 05:21:34] Get Film Successful
[2021-12-11 05:21:35] Get TimeTables Successful
[2021-12-11 05:21:35] Get Film Successful
[2021-12-11 05:21:35] Get Film Successful
[2021-12-11 05:21:35] Get Film Successful
[2021-12-11 05:21:35] Get Film Successful
[2021-12-11 05:21:35] Get Film Successful
[2021-12-11 05:21:35] Get Film Successful
[2021-12-11 05:21:37] Get TimeTables Successful
[2021-12-11 05:21:37] Get Film Successful
[2021-12-11 05:21:37] Get Film Successful
[2021-12-11 05:21:37] Get Film Successful
[2021-12-11 05:21:37] Get Film Successful
[2021-12-11 05:21:37] Get Film Successful
[2021-12-11 05:21:38] Get Screen Successful
[2021-12-11 05:21:38] Get Screen Successful
[2021-12-11 05:21:38] Get Screen Failed
[2021-12-11 05:21:44] Get Screen Successful
[2021-12-11 05:21:44] Get Screen Successful
[2021-12-11 05:21:44] Get Screen Failed
[2021-12-11 05:24:05] 111111 login as customer
[2021-12-11 05:24:08] Get TimeTables Successful
[2021-12-11 05:24:08] Get Film Successful
[2021-12-11 05:24:08] Get Film Successful
[2021-12-11 05:24:08] Get Film Successful
[2021-12-11 05:24:08] Get Film Successful
[2021-12-11 05:24:08] Get Film Successful
[2021-12-11 05:24:09] Get Screen Successful
[2021-12-11 05:24:09] Get Screen Successful
[2021-12-11 05:24:09] Get Screen Failed
[2021-12-11 05:24:10] Get Screen Successful
[2021-12-11 05:24:10] Get Screen Successful
[2021-12-11 05:24:10] Get Screen Failed
[2021-12-11 05:24:11] Get Screen Successful
[2021-12-11 05:24:11] Get Screen Successful
[2021-12-11 05:24:11] Get Screen Failed
[2021-12-11 05:24:12] Get Screen Successful
[2021-12-11 05:24:12] Get TimeTable With Seats Successful
[2021-12-11 05:24:12] Get Screen Successful
[2021-12-11 05:25:12] 111111 login as customer
[2021-12-11 05:25:15] Get TimeTables Successful
[2021-12-11 05:25:15] Get Film Successful
[2021-12-11 05:25:15] Get Film Successful
[2021-12-11 05:25:15] Get Film Successful
[2021-12-11 05:25:15] Get Film Successful
[2021-12-11 05:25:15] Get Film Successful
[2021-12-11 05:25:16] Get Screen Successful
[2021-12-11 05:25:16] Get Screen Successful
[2021-12-11 05:25:16] Get Screen Failed
[2021-12-11 05:25:54] 111111 login as customer
[2021-12-11 05:25:55] Get TimeTables Successful
[2021-12-11 05:25:55] Get Film Successful
[2021-12-11 05:25:55] Get Film Successful
[2021-12-11 05:25:55] Get Film Successful
[2021-12-11 05:25:55] Get Film Successful
[2021-12-11 05:25:55] Get Film Successful
[2021-12-11 05:25:56] Get Screen Successful
[2021-12-11 05:25:56] Get Screen Successful
[2021-12-11 05:25:56] Get Screen Failed
[2021-12-11 05:26:51] Get Screen Successful
[2021-12-11 05:26:51] Get TimeTable With Seats Successful
[2021-12-11 05:26:51] Get Screen Successful
[2021-12-11 05:26:53] Get Screen Successful
[2021-12-11 05:26:53] Get TimeTable With Seats Successful
[2021-12-11 05:26:53] Get Screen Successful
[2021-12-11 05:27:09] 111111 login as customer
[2021-12-11 05:27:12] Get TimeTables Successful
[2021-12-11 05:27:12] Get Film Successful
[2021-12-11 05:27:12] Get Film Successful
[2021-12-11 05:27:12] Get Film Successful
[2021-12-11 05:27:12] Get Film Successful
[2021-12-11 05:27:12] Get Film Successful
[2021-12-11 05:27:15] Get Screen Successful
[2021-12-11 05:27:15] Get TimeTable With Seats Successful
[2021-12-11 05:27:15] Get Screen Successful
[2021-12-11 05:27:44] 111111 login as customer
[2021-12-11 05:27:45] Get TimeTables Successful
[2021-12-11 05:27:45] Get Film Successful
[2021-12-11 05:27:45] Get Film Successful
[2021-12-11 05:27:45] Get Film Successful
[2021-12-11 05:27:45] Get Film Successful
[2021-12-11 05:27:45] Get Film Successful
[2021-12-11 05:27:47] Get Screen Successful
[2021-12-11 05:27:47] Get TimeTable With Seats Successful
[2021-12-11 05:27:47] Get Screen Successful
[2021-12-11 05:28:14] 111111 login as customer
[2021-12-11 05:28:15] Get TimeTables Successful
[2021-12-11 05:28:15] Get Film Successful
[2021-12-11 05:28:15] Get Film Successful
[2021-12-11 05:28:15] Get Film Successful
[2021-12-11 05:28:15] Get Film Successful
[2021-12-11 05:28:15] Get Film Successful
[2021-12-11 05:28:16] Get Screen Successful
[2021-12-11 05:28:16] Get TimeTable With Seats Successful
[2021-12-11 05:28:16] Get Screen Successful
[2021-12-11 05:28:44] 111111 login as customer
[2021-12-11 05:28:45] Get TimeTables Successful
[2021-12-11 05:28:45] Get Film Successful
[2021-12-11 05:28:45] Get Film Successful
[2021-12-11 05:28:45] Get Film Successful
[2021-12-11 05:28:45] Get Film Successful
[2021-12-11 05:28:45] Get Film Successful
[2021-12-11 05:28:47] Get Screen Successful
[2021-12-11 05:28:47] Get TimeTable With Seats Successful
[2021-12-11 05:28:47] Get Screen Successful
[2021-12-11 05:29:03] 111111 login as customer
[2021-12-11 05:29:04] Get TimeTables Successful
[2021-12-11 05:29:04] Get Film Successful
[2021-12-11 05:29:04] Get Film Successful
[2021-12-11 05:29:04] Get Film Successful
[2021-12-11 05:29:04] Get Film Successful
[2021-12-11 05:29:04] Get Film Successful
[2021-12-11 05:29:05] Get Screen Successful
[2021-12-11 05:29:05] Get TimeTable With Seats Successful
[2021-12-11 05:29:05] Get Screen Successful
[2021-12-11 05:31:42] 111111 login as customer
[2021-12-11 05:31:43] Get TimeTables Successful
[2021-12-11 05:31:43] Get Film Successful
[2021-12-11 05:31:43] Get Film Successful
[2021-12-11 05:31:43] Get Film Successful
[2021-12-11 05:31:43] Get Film Successful
[2021-12-11 05:31:43] Get Film Successful
[2021-12-11 05:31:45] Get Screen Successful
[2021-12-11 05:31:45] Get TimeTable With Seats Successful
[2021-12-11 05:31:45] Get Screen Successful
[2021-12-11 05:35:45] 111111 login as customer
[2021-12-11 05:35:47] Get TimeTables Successful
[2021-12-11 05:35:47] Get Film Successful
[2021-12-11 05:35:47] Get Film Successful
[2021-12-11 05:35:47] Get Film Successful
[2021-12-11 05:35:47] Get Film Successful
[2021-12-11 05:35:47] Get Film Successful
[2021-12-11 05:35:48] Get Screen Successful
[2021-12-11 05:35:49] Get TimeTable With Seats Successful
[2021-12-11 05:35:49] Get Screen Successful
[2021-12-11 05:36:32] 111111 login as customer
[2021-12-11 05:36:34] Get TimeTables Successful
[2021-12-11 05:36:34] Get Film Successful
[2021-12-11 05:36:34] Get Film Successful
[2021-12-11 05:36:34] Get Film Successful
[2021-12-11 05:36:34] Get Film Successful
[2021-12-11 05:36:34] Get Film Successful
[2021-12-11 05:36:36] Get Screen Successful
[2021-12-11 05:36:36] Get TimeTable With Seats Successful
[2021-12-11 05:36:36] Get Screen Successful
[2021-12-11 05:37:25] 111111 login as customer
[2021-12-11 05:37:27] Get TimeTables Successful
[2021-12-11 05:37:27] Get Film Successful
[2021-12-11 05:37:27] Get Film Successful
[2021-12-11 05:37:28] Get Film Successful
[2021-12-11 05:37:28] Get Film Successful
[2021-12-11 05:37:28] Get Film Successful
[2021-12-11 05:37:30] Get Screen Successful
[2021-12-11 05:37:30] Get TimeTable With Seats Successful
[2021-12-11 05:37:30] Get Screen Successful
[2021-12-11 06:02:36] 111111 login as customer
[2021-12-11 06:02:39] Get TimeTables Successful
[2021-12-11 06:02:39] Get Film Successful
[2021-12-11 06:02:39] Get Film Successful
[2021-12-11 06:02:39] Get Film Successful
[2021-12-11 06:02:39] Get Film Successful
[2021-12-11 06:02:39] Get Film Successful
[2021-12-11 06:02:39] Get Film Successful
[2021-12-11 06:02:43] Get Screen Successful
[2021-12-11 06:02:43] Get TimeTable With Seats Successful
[2021-12-11 06:02:43] Get Screen Successful
[2021-12-11 06:11:58] 111111 login as customer
[2021-12-11 06:12:00] Get TimeTables Successful
[2021-12-11 06:12:00] Get Film Successful
[2021-12-11 06:12:00] Get Film Successful
[2021-12-11 06:12:00] Get Film Successful
[2021-12-11 06:12:00] Get Film Successful
[2021-12-11 06:12:00] Get Film Successful
[2021-12-11 06:12:00] Get Film Successful
[2021-12-11 06:12:01] Get Screen Successful
[2021-12-11 06:12:01] Get TimeTable With Seats Successful
[2021-12-11 06:12:01] Get Screen Successful
[2021-12-11 06:16:29] 111111 login as customer
[2021-12-11 06:16:31] Get TimeTables Successful
[2021-12-11 06:16:31] Get Film Successful
[2021-12-11 06:16:31] Get Film Successful
[2021-12-11 06:16:31] Get Film Successful
[2021-12-11 06:16:31] Get Film Successful
[2021-12-11 06:16:31] Get Film Successful
[2021-12-11 06:16:31] Get Film Successful
[2021-12-11 06:16:32] Get TimeTable With Seats Successful
[2021-12-11 06:16:32] Get Screen Successful
[2021-12-11 06:21:38] 111111 login as customer
[2021-12-11 06:21:40] Get TimeTables Successful
[2021-12-11 06:21:40] Get Film Successful
[2021-12-11 06:21:40] Get Film Successful
[2021-12-11 06:21:40] Get Film Successful
[2021-12-11 06:21:40] Get Film Successful
[2021-12-11 06:21:40] Get Film Successful
[2021-12-11 06:21:40] Get Film Successful
[2021-12-11 06:21:42] Get TimeTable With Seats Successful
[2021-12-11 06:21:42] Get Screen Successful
[2021-12-11 06:22:04] Create Bill Successful
[2021-12-11 06:22:06] Get TimeTables Successful
[2021-12-11 06:22:06] Get Film Successful
[2021-12-11 06:22:06] Get Film Successful
[2021-12-11 06:22:06] Get Film Successful
[2021-12-11 06:22:06] Get Film Successful
[2021-12-11 06:22:06] Get Film Successful
[2021-12-11 06:22:06] Get Film Successful
[2021-12-11 06:22:27] Get TimeTable With Seats Successful
[2021-12-11 06:22:27] Get Screen Successful
[2021-12-11 06:23:59] 111111 login as customer
[2021-12-11 06:24:23] 111111 login as customer
[2021-12-11 06:24:28] Get TimeTables Successful
[2021-12-11 06:24:28] Get Film Successful
[2021-12-11 06:24:28] Get Film Successful
[2021-12-11 06:24:28] Get Film Successful
[2021-12-11 06:24:28] Get Film Successful
[2021-12-11 06:24:28] Get Film Successful
[2021-12-11 06:24:28] Get Film Successful
[2021-12-11 06:24:29] Get TimeTable With Seats Successful
[2021-12-11 06:24:29] Get Screen Successful
[2021-12-11 06:24:34] Create Bill Successful
[2021-12-11 06:26:04] 111111 login as customer
[2021-12-11 06:26:06] Get TimeTables Successful
[2021-12-11 06:26:06] Get Film Successful
[2021-12-11 06:26:06] Get Film Successful
[2021-12-11 06:26:06] Get Film Successful
[2021-12-11 06:26:06] Get Film Successful
[2021-12-11 06:26:06] Get Film Successful
[2021-12-11 06:26:06] Get Film Successful
[2021-12-11 06:26:07] Get TimeTable With Seats Successful
[2021-12-11 06:26:07] Get Screen Successful
[2021-12-11 06:26:10] Create Bill Successful
[2021-12-11 06:26:13] Get TimeTables Successful
[2021-12-11 06:26:13] Get Film Successful
[2021-12-11 06:26:13] Get Film Successful
[2021-12-11 06:26:13] Get Film Successful
[2021-12-11 06:26:13] Get Film Successful
[2021-12-11 06:26:13] Get Film Successful
[2021-12-11 06:26:13] Get Film Successful
[2021-12-11 06:26:14] Get TimeTable With Seats Successful
[2021-12-11 06:26:14] Get Screen Successful
[2021-12-11 06:28:40] 111111 login as customer
[2021-12-11 06:28:43] Get TimeTables Successful
[2021-12-11 06:28:43] Get Film Successful
[2021-12-11 06:28:43] Get Film Successful
[2021-12-11 06:28:43] Get Film Successful
[2021-12-11 06:28:43] Get Film Successful
[2021-12-11 06:28:43] Get Film Successful
[2021-12-11 06:28:43] Get Film Successful
[2021-12-11 06:28:59] 111111 login as customer
[2021-12-11 06:29:02] Get TimeTables Successful
[2021-12-11 06:29:02] Get Film Successful
[2021-12-11 06:29:02] Get Film Successful
[2021-12-11 06:29:02] Get Film Successful
[2021-12-11 06:29:02] Get Film Successful
[2021-12-11 06:29:02] Get Film Successful
[2021-12-11 06:29:02] Get Film Successful
[2021-12-11 06:29:03] Get TimeTable With Seats Successful
[2021-12-11 06:29:03] Get Screen Successful
[2021-12-11 06:29:07] Create Bill Successful
[2021-12-11 06:35:44] 111111 login as customer
[2021-12-11 06:35:46] Get TimeTables Successful
[2021-12-11 06:35:46] Get Film Successful
[2021-12-11 06:35:46] Get Film Successful
[2021-12-11 06:35:46] Get Film Successful
[2021-12-11 06:35:46] Get Film Successful
[2021-12-11 06:35:46] Get Film Successful
[2021-12-11 06:35:46] Get Film Successful
[2021-12-11 06:35:47] Get TimeTable With Seats Successful
[2021-12-11 06:35:47] Get Screen Successful
[2021-12-11 06:35:50] Create Bill Successful
[2021-12-11 06:39:11] 111111 login as customer
[2021-12-11 06:39:13] Get TimeTables Successful
[2021-12-11 06:39:13] Get Film Successful
[2021-12-11 06:39:13] Get Film Successful
[2021-12-11 06:39:13] Get Film Successful
[2021-12-11 06:39:13] Get Film Successful
[2021-12-11 06:39:13] Get Film Successful
[2021-12-11 06:39:13] Get Film Successful
[2021-12-11 06:39:14] Get TimeTable With Seats Successful
[2021-12-11 06:39:14] Get Screen Successful
[2021-12-11 06:39:16] Create Bill Successful
[2021-12-11 06:41:34] 111111 login as customer
[2021-12-11 06:41:37] Get TimeTables Successful
[2021-12-11 06:41:37] Get Film Successful
[2021-12-11 06:41:37] Get Film Successful
[2021-12-11 06:41:37] Get Film Successful
[2021-12-11 06:41:37] Get Film Successful
[2021-12-11 06:41:37] Get Film Successful
[2021-12-11 06:41:37] Get Film Successful
[2021-12-11 06:41:38] Get TimeTable With Seats Successful
[2021-12-11 06:41:38] Get Screen Successful
[2021-12-11 06:42:10] 111111 login as customer
[2021-12-11 06:42:11] Get TimeTables Successful
[2021-12-11 06:42:11] Get Film Successful
[2021-12-11 06:42:11] Get Film Successful
[2021-12-11 06:42:11] Get Film Successful
[2021-12-11 06:42:11] Get Film Successful
[2021-12-11 06:42:11] Get Film Successful
[2021-12-11 06:42:11] Get Film Successful
[2021-12-11 06:42:12] Get TimeTable With Seats Successful
[2021-12-11 06:42:12] Get Screen Successful
[2021-12-11 06:44:55] 111111 login as customer
[2021-12-11 06:44:57] Get TimeTables Successful
[2021-12-11 06:44:57] Get Film Successful
[2021-12-11 06:44:57] Get Film Successful
[2021-12-11 06:44:57] Get Film Successful
[2021-12-11 06:44:57] Get Film Successful
[2021-12-11 06:44:57] Get Film Successful
[2021-12-11 06:44:57] Get Film Successful
[2021-12-11 06:44:58] Get TimeTable With Seats Successful
[2021-12-11 06:44:58] Get Screen Successful
[2021-12-11 06:46:17] 111111 login as customer
[2021-12-11 06:46:21] Get Bills By CustomerId Successful
[2021-12-11 06:46:27] Get TimeTables Successful
[2021-12-11 06:46:27] Get Film Successful
[2021-12-11 06:46:27] Get Film Successful
[2021-12-11 06:46:27] Get Film Successful
[2021-12-11 06:46:27] Get Film Successful
[2021-12-11 06:46:27] Get Film Successful
[2021-12-11 06:46:27] Get Film Successful
[2021-12-11 06:46:30] Get TimeTable With Seats Successful
[2021-12-11 06:46:30] Get Screen Successful
[2021-12-11 06:48:34] 111111 login as customer
[2021-12-11 06:48:37] Get TimeTables Successful
[2021-12-11 06:48:37] Get Film Successful
[2021-12-11 06:48:37] Get Film Successful
[2021-12-11 06:48:37] Get Film Successful
[2021-12-11 06:48:37] Get Film Successful
[2021-12-11 06:48:37] Get Film Successful
[2021-12-11 06:48:37] Get Film Successful
[2021-12-11 06:48:39] Get TimeTable With Seats Successful
[2021-12-11 06:48:39] Get Screen Successful
[2021-12-11 06:48:41] Get TimeTable With Seats Successful
[2021-12-11 06:48:41] Get Screen Successful
[2021-12-11 06:48:41] Create Bill Successful
[2021-12-11 06:50:10] 111111 login as customer
[2021-12-11 06:50:12] Get TimeTables Successful
[2021-12-11 06:50:12] Get Film Successful
[2021-12-11 06:50:12] Get Film Successful
[2021-12-11 06:50:12] Get Film Successful
[2021-12-11 06:50:12] Get Film Successful
[2021-12-11 06:50:12] Get Film Successful
[2021-12-11 06:50:12] Get Film Successful
[2021-12-11 06:50:13] Get TimeTable With Seats Successful
[2021-12-11 06:50:13] Get Screen Successful
[2021-12-11 06:50:15] Get TimeTable With Seats Successful
[2021-12-11 06:50:15] Get Screen Successful
[2021-12-11 06:50:15] Create Bill Successful
[2021-12-11 06:58:59] 111111 login as customer
[2021-12-11 06:59:01] Get TimeTables Successful
[2021-12-11 06:59:01] Get Film Successful
[2021-12-11 06:59:01] Get Film Successful
[2021-12-11 06:59:01] Get Film Successful
[2021-12-11 06:59:01] Get Film Successful
[2021-12-11 06:59:01] Get Film Successful
[2021-12-11 06:59:01] Get Film Successful
[2021-12-11 06:59:02] Get TimeTable With Seats Successful
[2021-12-11 06:59:02] Get Screen Successful
[2021-12-11 06:59:05] Create Bill Successful
[2021-12-11 06:59:05] Get TimeTable With Seats Successful
[2021-12-11 06:59:05] Get Screen Successful
[2021-12-11 07:00:34] 111111 login as customer
[2021-12-11 07:00:36] Get TimeTables Successful
[2021-12-11 07:00:36] Get Film Successful
[2021-12-11 07:00:36] Get Film Successful
[2021-12-11 07:00:36] Get Film Successful
[2021-12-11 07:00:36] Get Film Successful
[2021-12-11 07:00:36] Get Film Successful
[2021-12-11 07:00:36] Get Film Successful
[2021-12-11 07:00:37] Get TimeTable With Seats Successful
[2021-12-11 07:00:37] Get Screen Successful
[2021-12-11 07:00:41] Create Bill Successful
[2021-12-11 07:00:41] Get TimeTable With Seats Successful
[2021-12-11 07:00:41] Get Screen Successful
[2021-12-11 07:06:20] Get TimeTables Successful
[2021-12-11 07:06:20] Get Film Successful
[2021-12-11 07:06:20] Get Film Successful
[2021-12-11 07:06:20] Get Film Successful
[2021-12-11 07:06:20] Get Film Successful
[2021-12-11 07:06:20] Get Film Successful
[2021-12-11 07:06:20] Get Film Successful
[2021-12-11 07:06:30] 1111111 login as administrator
[2021-12-11 07:06:32] Get TimeTables Successful
[2021-12-11 07:06:32] Get Film Successful
[2021-12-11 07:06:32] Get Film Successful
[2021-12-11 07:06:32] Get Film Successful
[2021-12-11 07:06:32] Get Film Successful
[2021-12-11 07:06:32] Get Film Successful
[2021-12-11 07:06:32] Get Film Successful
[2021-12-11 07:06:34] Get Films Successful
[2021-12-11 07:14:11] 111111 login as customer
[2021-12-11 07:14:20] Get Bills By CustomerId Successful
[2021-12-11 07:14:23] Get Bill By Id Successful
[2021-12-11 07:14:25] Get Bills By CustomerId Successful
[2021-12-11 07:14:27] Get Bill By Id Successful
[2021-12-11 07:14:28] Remove Bill Successful
[2021-12-11 07:14:28] Get Bills By CustomerId Successful
[2021-12-11 07:18:25] 111111 login as customer
[2021-12-11 07:18:32] Get TimeTables Successful
[2021-12-11 07:18:32] Get Film Successful
[2021-12-11 07:18:32] Get Film Successful
[2021-12-11 07:18:32] Get Film Successful
[2021-12-11 07:18:32] Get Film Successful
[2021-12-11 07:18:32] Get Film Successful
[2021-12-11 07:18:32] Get Film Successful
[2021-12-11 07:41:10] 111111 login as customer
[2021-12-11 07:41:11] Get TimeTables Successful
[2021-12-11 07:41:11] Get Film Successful
[2021-12-11 07:41:11] Get Film Successful
[2021-12-11 07:41:11] Get Film Successful
[2021-12-11 07:41:11] Get Film Successful
[2021-12-11 07:41:11] Get Film Successful
[2021-12-11 07:41:11] Get Film Successful
[2021-12-11 07:42:03] 111111 login as customer
[2021-12-11 07:42:04] Get TimeTables Successful
[2021-12-11 07:42:04] Get Film Successful
[2021-12-11 07:42:04] Get Film Successful
[2021-12-11 07:42:04] Get Film Successful
[2021-12-11 07:42:04] Get Film Successful
[2021-12-11 07:42:04] Get Film Successful
[2021-12-11 07:42:04] Get Film Successful
[2021-12-11 07:42:05] Get TimeTable With Seats Successful
[2021-12-11 07:42:05] Get Screen Successful
[2021-12-11 07:42:06] Get TimeTables Successful
[2021-12-11 07:42:06] Get Film Successful
[2021-12-11 07:42:06] Get Film Successful
[2021-12-11 07:42:06] Get Film Successful
[2021-12-11 07:42:06] Get Film Successful
[2021-12-11 07:42:07] Get Film Successful
[2021-12-11 07:42:07] Get Film Successful
[2021-12-11 07:42:07] Get TimeTable With Seats Successful
[2021-12-11 07:42:07] Get Screen Successful
[2021-12-11 07:42:08] Get TimeTables Successful
[2021-12-11 07:42:08] Get Film Successful
[2021-12-11 07:42:08] Get Film Successful
[2021-12-11 07:42:08] Get Film Successful
[2021-12-11 07:42:08] Get Film Successful
[2021-12-11 07:42:08] Get Film Successful
[2021-12-11 07:42:08] Get Film Successful
[2021-12-11 07:42:09] Get TimeTable With Seats Successful
[2021-12-11 07:42:09] Get Screen Successful
[2021-12-11 07:52:23] 111111 login as customer
[2021-12-11 07:52:25] Get TimeTables Successful
[2021-12-11 07:52:25] Get Film Successful
[2021-12-11 07:52:25] Get Film Successful
[2021-12-11 07:52:25] Get Film Successful
[2021-12-11 07:52:25] Get Film Successful
[2021-12-11 07:52:25] Get Film Successful
[2021-12-11 07:52:25] Get Film Successful
[2021-12-11 07:52:26] Get TimeTable With Seats Successful
[2021-12-11 07:52:26] Get Screen Successful
[2021-12-11 07:52:27] Get TimeTables Successful
[2021-12-11 07:52:27] Get Film Successful
[2021-12-11 07:52:27] Get Film Successful
[2021-12-11 07:52:27] Get Film Successful
[2021-12-11 07:52:27] Get Film Successful
[2021-12-11 07:52:27] Get Film Successful
[2021-12-11 07:52:27] Get Film Successful
[2021-12-11 19:17:15] 111111 login as customer
[2021-12-11 19:17:18] Get TimeTables Successful
[2021-12-11 19:17:18] Get Film Successful
[2021-12-11 19:17:18] Get Film Successful
[2021-12-11 19:17:18] Get Film Successful
[2021-12-11 19:17:18] Get Film Successful
[2021-12-11 19:17:18] Get Film Successful
[2021-12-11 19:17:18] Get Film Successful
[2021-12-11 19:17:20] Get Film Successful
[2021-12-11 19:17:22] Get TimeTables Successful
[2021-12-11 19:17:22] Get Film Successful
[2021-12-11 19:17:22] Get Film Successful
[2021-12-11 19:17:22] Get Film Successful
[2021-12-11 19:17:22] Get Film Successful
[2021-12-11 19:17:22] Get Film Successful
[2021-12-11 19:17:22] Get Film Successful
[2021-12-11 19:17:23] Get Film Successful
[2021-12-11 19:17:24] Get TimeTables Successful
[2021-12-11 19:17:24] Get Film Successful
[2021-12-11 19:17:24] Get Film Successful
[2021-12-11 19:17:24] Get Film Successful
[2021-12-11 19:17:24] Get Film Successful
[2021-12-11 19:17:24] Get Film Successful
[2021-12-11 19:17:24] Get Film Successful
[2021-12-11 19:17:26] Get TimeTable With Seats Successful
[2021-12-11 19:17:26] Get Screen Successful
[2021-12-11 19:17:30] Create Bill Successful
[2021-12-11 19:17:30] Get TimeTable With Seats Successful
[2021-12-11 19:17:30] Get Screen Successful
[2021-12-11 19:17:33] Get TimeTables Successful
[2021-12-11 19:17:33] Get Film Successful
[2021-12-11 19:17:33] Get Film Successful
[2021-12-11 19:17:33] Get Film Successful
[2021-12-11 19:17:33] Get Film Successful
[2021-12-11 19:17:33] Get Film Successful
[2021-12-11 19:17:33] Get Film Successful
[2021-12-11 19:17:55] Get Bills By CustomerId Successful
[2021-12-11 19:17:56] Get Bill By Id Successful
[2021-12-11 19:18:00] Get Bills By CustomerId Successful
[2021-12-11 19:18:12] 1111111 login as administrator
[2021-12-11 19:18:14] Get TimeTables Successful
[2021-12-11 19:18:14] Get Film Successful
[2021-12-11 19:18:14] Get Film Successful
[2021-12-11 19:18:14] Get Film Successful
[2021-12-11 19:18:14] Get Film Successful
[2021-12-11 19:18:14] Get Film Successful
[2021-12-11 19:18:14] Get Film Successful
[2021-12-11 19:18:16] Get Film Successful
[2021-12-11 19:18:17] Get TimeTables Successful
[2021-12-11 19:18:17] Get Film Successful
[2021-12-11 19:18:17] Get Film Successful
[2021-12-11 19:18:17] Get Film Successful
[2021-12-11 19:18:17] Get Film Successful
[2021-12-11 19:18:17] Get Film Successful
[2021-12-11 19:18:17] Get Film Successful
[2021-12-11 19:18:18] Get Films Successful
[2021-12-11 19:18:20] Get TimeTables Successful
[2021-12-11 19:18:20] Get Film Successful
[2021-12-11 19:18:20] Get Film Successful
[2021-12-11 19:18:20] Get Film Successful
[2021-12-11 19:18:20] Get Film Successful
[2021-12-11 19:18:20] Get Film Successful
[2021-12-11 19:18:20] Get Film Successful
[2021-12-11 19:18:21] Get Films Successful
[2021-12-11 19:18:32] Add TimeTable Successful
[2021-12-11 19:18:33] Get TimeTables Successful
[2021-12-11 19:18:33] Get Film Successful
[2021-12-11 19:18:33] Get Film Successful
[2021-12-11 19:18:33] Get Film Successful
[2021-12-11 19:18:33] Get Film Successful
[2021-12-11 19:18:33] Get Film Successful
[2021-12-11 19:18:33] Get Film Successful
[2021-12-11 19:18:33] Get Film Successful
[2021-12-11 19:18:37] Delete Timetable Successful
[2021-12-11 19:18:37] Get TimeTables Successful
[2021-12-11 19:18:37] Get Film Successful
[2021-12-11 19:18:37] Get Film Successful
[2021-12-11 19:18:37] Get Film Successful
[2021-12-11 19:18:37] Get Film Successful
[2021-12-11 19:18:37] Get Film Successful
[2021-12-11 19:18:37] Get Film Successful
[2021-12-11 19:18:39] Get Films Successful
[2021-12-13 23:01:43] 11111111 register as customer
[2021-12-13 23:01:52] 111111 login as customer
[2021-12-13 23:01:57] Get Bills By CustomerId Successful
[2021-12-13 23:01:59] Get Bill By Id Successful
[2021-12-13 23:02:00] Get Bills By CustomerId Successful
[2021-12-13 23:02:03] Get TimeTables Successful
[2021-12-13 23:02:03] Get Film Successful
[2021-12-13 23:02:03] Get Film Successful
[2021-12-13 23:02:03] Get Film Successful
[2021-12-13 23:02:03] Get Film Successful
[2021-12-13 23:02:03] Get Film Successful
[2021-12-13 23:02:03] Get Film Successful
[2021-12-13 23:02:05] Get Film Successful
[2021-12-13 23:02:07] Get TimeTables Successful
[2021-12-13 23:02:07] Get Film Successful
[2021-12-13 23:02:07] Get Film Successful
[2021-12-13 23:02:07] Get Film Successful
[2021-12-13 23:02:07] Get Film Successful
[2021-12-13 23:02:07] Get Film Successful
[2021-12-13 23:02:07] Get Film Successful
[2021-12-13 23:02:15] 111111 login as customer
[2021-12-13 23:02:17] Get TimeTables Successful
[2021-12-13 23:02:17] Get Film Successful
[2021-12-13 23:02:17] Get Film Successful
[2021-12-13 23:02:17] Get Film Successful
[2021-12-13 23:02:17] Get Film Successful
[2021-12-13 23:02:17] Get Film Successful
[2021-12-13 23:02:17] Get Film Successful
[2021-12-13 23:02:18] Get TimeTable With Seats Successful
[2021-12-13 23:02:18] Get Screen Successful
[2021-12-13 23:02:22] Create Bill Successful
[2021-12-13 23:02:22] Get TimeTable With Seats Successful
[2021-12-13 23:02:22] Get Screen Successful
[2021-12-13 23:02:26] Get TimeTables Successful
[2021-12-13 23:02:26] Get Film Successful
[2021-12-13 23:02:26] Get Film Successful
[2021-12-13 23:02:26] Get Film Successful
[2021-12-13 23:02:26] Get Film Successful
[2021-12-13 23:02:26] Get Film Successful
[2021-12-13 23:02:26] Get Film Successful
[2021-12-14 18:01:17] 111111 login as customer
[2021-12-14 18:01:22] Get TimeTables Successful
[2021-12-14 18:01:22] Get Film Successful
[2021-12-14 18:01:22] Get Film Successful
[2021-12-14 18:01:22] Get Film Successful
[2021-12-14 18:01:22] Get Film Successful
[2021-12-14 18:01:22] Get Film Successful
[2021-12-14 18:01:22] Get Film Successful
[2021-12-14 18:01:26] Get Film Successful
[2021-12-14 18:01:29] Get TimeTables Successful
[2021-12-14 18:01:29] Get Film Successful
[2021-12-14 18:01:29] Get Film Successful
[2021-12-14 18:01:29] Get Film Successful
[2021-12-14 18:01:29] Get Film Successful
[2021-12-14 18:01:29] Get Film Successful
[2021-12-14 18:01:29] Get Film Successful
[2021-12-14 18:01:30] Get Film Successful
[2021-12-14 18:01:32] Get TimeTables Successful
[2021-12-14 18:01:32] Get Film Successful
[2021-12-14 18:01:33] Get Film Successful
[2021-12-14 18:01:33] Get Film Successful
[2021-12-14 18:01:33] Get Film Successful
[2021-12-14 18:01:33] Get Film Successful
[2021-12-14 18:01:33] Get Film Successful
[2021-12-14 18:01:34] Get TimeTable With Seats Successful
[2021-12-14 18:01:34] Get Screen Successful
[2021-12-14 18:01:45] Create Bill Successful
[2021-12-14 18:01:45] Get TimeTable With Seats Successful
[2021-12-14 18:01:45] Get Screen Successful
[2021-12-14 18:01:48] Get TimeTables Successful
[2021-12-14 18:01:48] Get Film Successful
[2021-12-14 18:01:48] Get Film Successful
[2021-12-14 18:01:48] Get Film Successful
[2021-12-14 18:01:48] Get Film Successful
[2021-12-14 18:01:48] Get Film Successful
[2021-12-14 18:01:48] Get Film Successful
[2021-12-14 18:01:51] Get Bills By CustomerId Successful
[2021-12-14 18:01:54] Get Bill By Id Successful
[2021-12-14 18:01:56] Get Bills By CustomerId Successful
[2021-12-14 18:02:10] 1111111 login as administrator
[2021-12-14 18:02:13] Get TimeTables Successful
[2021-12-14 18:02:13] Get Film Successful
[2021-12-14 18:02:13] Get Film Successful
[2021-12-14 18:02:13] Get Film Successful
[2021-12-14 18:02:13] Get Film Successful
[2021-12-14 18:02:13] Get Film Successful
[2021-12-14 18:02:13] Get Film Successful
[2021-12-14 18:02:16] Get Film Successful
[2021-12-14 18:02:18] Get TimeTables Successful
[2021-12-14 18:02:18] Get Film Successful
[2021-12-14 18:02:18] Get Film Successful
[2021-12-14 18:02:18] Get Film Successful
[2021-12-14 18:02:18] Get Film Successful
[2021-12-14 18:02:18] Get Film Successful
[2021-12-14 18:02:18] Get Film Successful
[2021-12-14 18:02:21] Delete Timetable Successful
[2021-12-14 18:02:22] Get TimeTables Successful
[2021-12-14 18:02:22] Get Film Successful
[2021-12-14 18:02:22] Get Film Successful
[2021-12-14 18:02:22] Get Film Successful
[2021-12-14 18:02:22] Get Film Successful
[2021-12-14 18:02:22] Get Film Successful
[2021-12-14 18:02:24] Get Films Successful
[2021-12-14 18:02:36] Get Films Successful
[2021-12-14 18:02:49] Get TimeTables Successful
[2021-12-14 18:02:49] Get Film Successful
[2021-12-14 18:02:49] Get Film Successful
[2021-12-14 18:02:49] Get Film Successful
[2021-12-14 18:02:49] Get Film Successful
[2021-12-14 18:02:49] Get Film Successful
[2021-12-14 18:02:50] Get Film Successful
[2021-12-14 18:02:55] Get TimeTables Successful
[2021-12-14 18:02:56] Get Film Successful
[2021-12-14 18:02:56] Get Film Successful
[2021-12-14 18:02:56] Get Film Successful
[2021-12-14 18:02:56] Get Film Successful
[2021-12-14 18:02:56] Get Film Successful
[2021-12-14 18:02:56] Get Film Successful
[2021-12-14 18:03:08] Get TimeTables Successful
[2021-12-14 18:03:08] Get Film Successful
[2021-12-14 18:03:08] Get Film Successful
[2021-12-14 18:03:08] Get Film Successful
[2021-12-14 18:03:08] Get Film Successful
[2021-12-14 18:03:08] Get Film Successful
[2021-12-14 18:03:10] Get Film Successful
[2021-12-14 18:03:11] Get TimeTables Successful
[2021-12-14 18:03:12] Get Film Successful
[2021-12-14 18:03:12] Get Film Successful
[2021-12-14 18:03:12] Get Film Successful
[2021-12-14 18:03:12] Get Film Successful
[2021-12-14 18:03:12] Get Film Successful
[2021-12-14 18:03:12] Get Film Successful
[2021-12-14 18:03:14] Get TimeTables Successful
[2021-12-14 18:03:14] Get Film Successful
[2021-12-14 18:03:14] Get Film Successful
[2021-12-14 18:03:14] Get Film Successful
[2021-12-14 18:03:14] Get Film Successful
[2021-12-14 18:03:14] Get Film Successful
[2021-12-14 18:03:16] Get Film Successful
[2021-12-14 18:03:18] Get TimeTables Successful
[2021-12-14 18:03:18] Get Film Successful
[2021-12-14 18:03:18] Get Film Successful
[2021-12-14 18:03:18] Get Film Successful
[2021-12-14 18:03:19] Get Film Successful
[2021-12-14 18:03:19] Get Film Successful
